<?xml version="1.0" encoding="UTF-8"?>
<coverage generated="1702009884000" clover="3.2.0">
  <project timestamp="1702009884000" name="All files">
    <metrics statements="7" coveredstatements="7" conditionals="8" coveredconditionals="8" methods="2" coveredmethods="2" elements="17" coveredelements="17" complexity="0" loc="7" ncloc="7" packages="1" files="2" classes="2"/>
    <file name="WinnerModal.jsx" path="/home/diogo/Escritorio/React/tic-tac-toe/src/components/WinnerModal.jsx">
      <metrics statements="4" coveredstatements="4" conditionals="6" coveredconditionals="6" methods="1" coveredmethods="1"/>
      <line num="2" count="1" type="stmt"/>
      <line num="3" count="4" type="cond" truecount="2" falsecount="0"/>
      <line num="5" count="3" type="cond" truecount="2" falsecount="0"/>
      <line num="7" count="3" type="stmt"/>
    </file>
    <file name="square.jsx" path="/home/diogo/Escritorio/React/tic-tac-toe/src/components/square.jsx">
      <metrics statements="3" coveredstatements="3" conditionals="2" coveredconditionals="2" methods="1" coveredmethods="1"/>
      <line num="1" count="2" type="stmt"/>
      <line num="2" count="8" type="cond" truecount="2" falsecount="0"/>
      <line num="3" count="8" type="stmt"/>
    </file>
  </project>
</coverage>
