{"/home/diogo/Escritorio/React/tic-tac-toe/src/components/WinnerModal.jsx": {"path":"/home/diogo/Escritorio/React/tic-tac-toe/src/components/WinnerModal.jsx","statementMap":{"0":{"start":{"line":2,"column":27},"end":{"line":28,"column":1}},"1":{"start":{"line":3,"column":2},"end":{"line":3,"column":34}},"2":{"start":{"line":3,"column":22},"end":{"line":3,"column":34}},"3":{"start":{"line":5,"column":22},"end":{"line":5,"column":58}},"4":{"start":{"line":7,"column":2},"end":{"line":27,"column":4}}},"fnMap":{"0":{"name":"(anonymous_0)","decl":{"start":{"line":2,"column":27},"end":{"line":2,"column":28}},"loc":{"start":{"line":2,"column":54},"end":{"line":28,"column":1}},"line":2}},"branchMap":{"0":{"loc":{"start":{"line":3,"column":2},"end":{"line":3,"column":34}},"type":"if","locations":[{"start":{"line":3,"column":2},"end":{"line":3,"column":34}},{"start":{},"end":{}}],"line":3},"1":{"loc":{"start":{"line":5,"column":22},"end":{"line":5,"column":58}},"type":"cond-expr","locations":[{"start":{"line":5,"column":41},"end":{"line":5,"column":49}},{"start":{"line":5,"column":52},"end":{"line":5,"column":58}}],"line":5},"2":{"loc":{"start":{"line":13,"column":11},"end":{"line":17,"column":11}},"type":"binary-expr","locations":[{"start":{"line":13,"column":11},"end":{"line":13,"column":17}},{"start":{"line":14,"column":12},"end":{"line":16,"column":21}}],"line":13}},"s":{"0":1,"1":4,"2":1,"3":3,"4":3},"f":{"0":4},"b":{"0":[1,3],"1":[1,2],"2":[3,2]},"_coverageSchema":"1a1c01bbd47fc00a2c39e90264f33305004495a9","hash":"970bec66ebf726775a649f74bed0d273683404b2"}
,"/home/diogo/Escritorio/React/tic-tac-toe/src/components/square.jsx": {"path":"/home/diogo/Escritorio/React/tic-tac-toe/src/components/square.jsx","statementMap":{"0":{"start":{"line":1,"column":22},"end":{"line":9,"column":1}},"1":{"start":{"line":2,"column":19},"end":{"line":2,"column":62}},"2":{"start":{"line":3,"column":1},"end":{"line":8,"column":3}}},"fnMap":{"0":{"name":"(anonymous_0)","decl":{"start":{"line":1,"column":22},"end":{"line":1,"column":23}},"loc":{"start":{"line":1,"column":72},"end":{"line":9,"column":1}},"line":1}},"branchMap":{"0":{"loc":{"start":{"line":2,"column":29},"end":{"line":2,"column":60}},"type":"cond-expr","locations":[{"start":{"line":2,"column":42},"end":{"line":2,"column":55}},{"start":{"line":2,"column":58},"end":{"line":2,"column":60}}],"line":2}},"s":{"0":2,"1":8,"2":8},"f":{"0":8},"b":{"0":[1,7]},"_coverageSchema":"1a1c01bbd47fc00a2c39e90264f33305004495a9","hash":"10df412a3457b2138a760d71e5ac5cde41c68669"}
}
